{"D:\\_projects\\node\\nodejsapp\\src\\service\\BmiCalcService.js": {"path":"D:\\_projects\\node\\nodejsapp\\src\\service\\BmiCalcService.js","statementMap":{"0":{"start":{"line":3,"column":2},"end":{"line":10,"column":3}},"1":{"start":{"line":4,"column":6},"end":{"line":6,"column":7}},"2":{"start":{"line":5,"column":10},"end":{"line":5,"column":57}},"3":{"start":{"line":7,"column":16},"end":{"line":7,"column":33}},"4":{"start":{"line":8,"column":16},"end":{"line":8,"column":33}},"5":{"start":{"line":9,"column":3},"end":{"line":9,"column":56}},"6":{"start":{"line":13,"column":0},"end":{"line":13,"column":40}}},"fnMap":{"0":{"name":"(anonymous_0)","decl":{"start":{"line":2,"column":1},"end":{"line":2,"column":2}},"loc":{"start":{"line":2,"column":15},"end":{"line":11,"column":2}},"line":2},"1":{"name":"(anonymous_1)","decl":{"start":{"line":3,"column":21},"end":{"line":3,"column":22}},"loc":{"start":{"line":3,"column":31},"end":{"line":10,"column":3}},"line":3}},"branchMap":{"0":{"loc":{"start":{"line":4,"column":6},"end":{"line":6,"column":7}},"type":"if","locations":[{"start":{"line":4,"column":6},"end":{"line":6,"column":7}},{"start":{},"end":{}}],"line":4}},"s":{"0":2,"1":2,"2":1,"3":1,"4":1,"5":1,"6":1},"f":{"0":2,"1":2},"b":{"0":[1,1]},"_coverageSchema":"1a1c01bbd47fc00a2c39e90264f33305004495a9","hash":"32693f61b62a28804028461e2a033f9edd651667"}
}
